<?xml version="1.0" encoding="UTF-8"?>
<!-- Generated by org.testng.reporters.JUnitReportReporter -->
<testsuite hostname="Praveen" failures="0" tests="1" name="com.GitHub.TestScripts.PostOperation" time="2.629" errors="0" timestamp="2022-01-22T11:34:10 IST" skipped="0">
  <testcase classname="com.GitHub.TestScripts.PostOperation" name="tc2" time="2.629"/>
  <system-out>
    <![CDATA[PostOperation is successful]]>
  </system-out>
</testsuite> <!-- com.GitHub.TestScripts.PostOperation -->
