<?xml version="1.0" encoding="UTF-8"?>
<!-- Generated by org.testng.reporters.JUnitReportReporter -->
<testsuite hostname="Praveen" failures="0" tests="1" name="com.GitHub.TestScripts.GetOperation" time="2.695" errors="0" timestamp="2022-01-22T10:33:19 IST" skipped="0">
  <testcase classname="com.GitHub.TestScripts.GetOperation" name="tc1" time="2.695"/>
  <system-out>
    <![CDATA[getOperation is successful]]>
  </system-out>
</testsuite> <!-- com.GitHub.TestScripts.GetOperation -->
